#
# There is insufficient memory for the Java Runtime Environment to continue.
# Native memory allocation (malloc) failed to allocate 32744 bytes for ChunkPool::allocate
# Possible reasons:
#   The system is out of physical RAM or swap space
#   The process is running with CompressedOops enabled, and the Java Heap may be blocking the growth of the native heap
# Possible solutions:
#   Reduce memory load on the system
#   Increase physical memory or swap space
#   Check if swap backing store is full
#   Decrease Java heap size (-Xmx/-Xms)
#   Decrease number of Java threads
#   Decrease Java thread stack sizes (-Xss)
#   Set larger code cache with -XX:ReservedCodeCacheSize=
#   JVM is running with Zero Based Compressed Oops mode in which the Java heap is
#     placed in the first 32GB address space. The Java Heap base address is the
#     maximum limit for the native heap growth. Please use -XX:HeapBaseMinAddress
#     to set the Java Heap base and to place the Java Heap above 32GB virtual address.
# This output file may be truncated or incomplete.
#
#  Out of Memory Error (allocation.cpp:272), pid=16152, tid=0x0000000000002b6c
#
# JRE version: OpenJDK Runtime Environment (8.0_362-b08) (build 1.8.0_362-b08)
# Java VM: OpenJDK 64-Bit Server VM (25.362-b08 mixed mode windows-amd64 compressed oops)
# Failed to write core dump. Minidumps are not enabled by default on client versions of Windows
#

---------------  T H R E A D  ---------------

Current thread (0x000002495e08b000):  JavaThread "C1 CompilerThread3" daemon [_thread_in_native, id=11116, stack(0x0000008437e00000,0x0000008437f00000)]

Stack: [0x0000008437e00000,0x0000008437f00000]
[error occurred during error reporting (printing stack bounds), id 0xc0000005]

Native frames: (J=compiled Java code, j=interpreted, Vv=VM code, C=native code)


Current CompileTask:
C1: 962024 4377       3       com.influxdb.client.internal.AbstractWriteClient$ToWritePointsMaybe::apply (290 bytes)


---------------  P R O C E S S  ---------------

Java Threads: ( => current thread )
  0x000002495e9bc800 JavaThread "RxNewThreadScheduler-513" daemon [_thread_blocked, id=22168, stack(0x0000008436900000,0x0000008436a00000)]
  0x000002495fa1c800 JavaThread "Okio Watchdog" daemon [_thread_blocked, id=18384, stack(0x0000008438700000,0x0000008438800000)]
  0x000002495f830000 JavaThread "OkHttp TaskRunner" daemon [_thread_blocked, id=288, stack(0x0000008438600000,0x0000008438700000)]
  0x000002495e64a000 JavaThread "RxNewThreadScheduler-1" daemon [_thread_in_native, id=21700, stack(0x0000008438400000,0x0000008438500000)]
  0x000002495f37e000 JavaThread "kafka-coordinator-heartbeat-thread | fraud-alert-consumer" daemon [_thread_blocked, id=21752, stack(0x0000008438300000,0x0000008438400000)]
  0x000002495f0f9000 JavaThread "RxCachedWorkerPoolEvictor-1" daemon [_thread_blocked, id=15764, stack(0x0000008438100000,0x0000008438200000)]
  0x000002495e0b9000 JavaThread "Service Thread" daemon [_thread_blocked, id=22424, stack(0x0000008437f00000,0x0000008438000000)]
=>0x000002495e08b000 JavaThread "C1 CompilerThread3" daemon [_thread_in_native, id=11116, stack(0x0000008437e00000,0x0000008437f00000)]
  0x000002495e088000 JavaThread "C2 CompilerThread2" daemon [_thread_blocked, id=15456, stack(0x0000008437d00000,0x0000008437e00000)]
  0x000002495e083000 JavaThread "C2 CompilerThread1" daemon [_thread_blocked, id=19836, stack(0x0000008437c00000,0x0000008437d00000)]
  0x000002495e080000 JavaThread "C2 CompilerThread0" daemon [_thread_blocked, id=14048, stack(0x0000008437b00000,0x0000008437c00000)]
  0x000002495e043000 JavaThread "Monitor Ctrl-Break" daemon [_thread_in_native, id=15788, stack(0x0000008437a00000,0x0000008437b00000)]
  0x000002495c04d800 JavaThread "Attach Listener" daemon [_thread_blocked, id=17044, stack(0x0000008437900000,0x0000008437a00000)]
  0x000002495c04d000 JavaThread "Signal Dispatcher" daemon [_thread_blocked, id=5900, stack(0x0000008437800000,0x0000008437900000)]
  0x000002495c025000 JavaThread "Finalizer" daemon [_thread_blocked, id=19212, stack(0x0000008437700000,0x0000008437800000)]
  0x000002495c01d800 JavaThread "Reference Handler" daemon [_thread_blocked, id=21932, stack(0x0000008437600000,0x0000008437700000)]
  0x0000024941645800 JavaThread "main" [_thread_in_native, id=22440, stack(0x0000008436c00000,0x0000008436d00000)]

Other Threads:
  0x000002495bfeb000 VMThread [stack: 0x0000008437500000,0x0000008437600000] [id=2704]
  0x000002495e12a000 WatcherThread [stack: 0x0000008438000000,0x0000008438100000] [id=12460]

VM state:not at safepoint (normal execution)

VM Mutex/Monitor currently owned by a thread: None

heap address: 0x00000006c6200000, size: 3998 MB, Compressed Oops mode: Zero based, Oop shift amount: 3
Narrow klass base: 0x0000000000000000, Narrow klass shift: 3
Compressed class space size: 1073741824 Address: 0x00000007c0000000

Heap:
 PSYoungGen      total 64000K, used 55731K [0x000000076cb80000, 0x0000000772280000, 0x00000007c0000000)
  eden space 61440K, 86% used [0x000000076cb80000,0x000000076ff6fd08,0x0000000770780000)
  from space 2560K, 99% used [0x0000000770880000,0x0000000770afd030,0x0000000770b00000)
  to   space 13824K, 0% used [0x0000000771500000,0x0000000771500000,0x0000000772280000)
 ParOldGen       total 104960K, used 7962K [0x00000006c6200000, 0x00000006cc880000, 0x000000076cb80000)
  object space 104960K, 7% used [0x00000006c6200000,0x00000006c69c69b8,0x00000006cc880000)
 Metaspace       used 33128K, capacity 34184K, committed 34432K, reserved 1081344K
  class space    used 3550K, capacity 3849K, committed 3968K, reserved 1048576K

Card table byte_map: [0x00000249523f0000,0x0000024952bc0000] byte_map_base: 0x000002494edbf000

Marking Bits: (ParMarkBitMap*) 0x0000000062146830
 Begin Bits: [0x0000024953100000, 0x0000024956f78000)
 End Bits:   [0x0000024956f78000, 0x000002495adf0000)

Polling page: 0x00000249417c0000

CodeCache: size=245760Kb used=12392Kb max_used=12392Kb free=233367Kb
 bounds [0x0000024943030000, 0x0000024943c60000, 0x0000024952030000]
 total_blobs=4317 nmethods=3746 adapters=483
 compilation: enabled

Compilation events (10 events):
Event: 961.023 Thread 0x000002495e08b000 nmethod 4372 0x0000024943c56bd0 code [0x0000024943c56f40, 0x0000024943c59360]
Event: 961.023 Thread 0x000002495e08b000 4373       3       okhttp3.internal.concurrent.TaskRunner::afterRun (205 bytes)
Event: 961.024 Thread 0x000002495e08b000 nmethod 4373 0x0000024943c5a510 code [0x0000024943c5a760, 0x0000024943c5b800]
Event: 961.024 Thread 0x000002495e08b000 4374       3       okhttp3.internal.concurrent.TaskQueue::setCancelActiveTask$okhttp (6 bytes)
Event: 961.024 Thread 0x000002495e08b000 nmethod 4374 0x000002494316f510 code [0x000002494316f660, 0x000002494316f7b8]
Event: 961.024 Thread 0x000002495e08b000 4375       3       io.reactivex.rxjava3.core.Notification::<init> (10 bytes)
Event: 961.024 Thread 0x000002495e08b000 nmethod 4375 0x0000024943c5be50 code [0x0000024943c5bfa0, 0x0000024943c5c178]
Event: 962.014 Thread 0x000002495e08b000 4376       3       com.influxdb.client.internal.AbstractWriteClient$ToWritePointsMaybe::apply (9 bytes)
Event: 962.015 Thread 0x000002495e08b000 nmethod 4376 0x0000024943c5c210 code [0x0000024943c5c380, 0x0000024943c5c670]
Event: 962.015 Thread 0x000002495e08b000 4377       3       com.influxdb.client.internal.AbstractWriteClient$ToWritePointsMaybe::apply (290 bytes)

GC Heap History (10 events):
Event: 7.966 GC heap before
{Heap before GC invocations=4 (full 1):
 PSYoungGen      total 74752K, used 64512K [0x000000076cb80000, 0x0000000775d80000, 0x00000007c0000000)
  eden space 64512K, 100% used [0x000000076cb80000,0x0000000770a80000,0x0000000770a80000)
  from space 10240K, 0% used [0x0000000771480000,0x0000000771480000,0x0000000771e80000)
  to   space 10240K, 0% used [0x0000000770a80000,0x0000000770a80000,0x0000000771480000)
 ParOldGen       total 104960K, used 7426K [0x00000006c6200000, 0x00000006cc880000, 0x000000076cb80000)
  object space 104960K, 7% used [0x00000006c6200000,0x00000006c69409a0,0x00000006cc880000)
 Metaspace       used 29683K, capacity 30554K, committed 30720K, reserved 1077248K
  class space    used 3303K, capacity 3562K, committed 3584K, reserved 1048576K
Event: 7.974 GC heap after
Heap after GC invocations=4 (full 1):
 PSYoungGen      total 74752K, used 10231K [0x000000076cb80000, 0x0000000773900000, 0x00000007c0000000)
  eden space 64512K, 0% used [0x000000076cb80000,0x000000076cb80000,0x0000000770a80000)
  from space 10240K, 99% used [0x0000000770a80000,0x000000077147ddb8,0x0000000771480000)
  to   space 10240K, 0% used [0x0000000772f00000,0x0000000772f00000,0x0000000773900000)
 ParOldGen       total 104960K, used 7922K [0x00000006c6200000, 0x00000006cc880000, 0x000000076cb80000)
  object space 104960K, 7% used [0x00000006c6200000,0x00000006c69bc9a8,0x00000006cc880000)
 Metaspace       used 29683K, capacity 30554K, committed 30720K, reserved 1077248K
  class space    used 3303K, capacity 3562K, committed 3584K, reserved 1048576K
}
Event: 120.138 GC heap before
{Heap before GC invocations=5 (full 1):
 PSYoungGen      total 74752K, used 74743K [0x000000076cb80000, 0x0000000773900000, 0x00000007c0000000)
  eden space 64512K, 100% used [0x000000076cb80000,0x0000000770a80000,0x0000000770a80000)
  from space 10240K, 99% used [0x0000000770a80000,0x000000077147ddb8,0x0000000771480000)
  to   space 10240K, 0% used [0x0000000772f00000,0x0000000772f00000,0x0000000773900000)
 ParOldGen       total 104960K, used 7922K [0x00000006c6200000, 0x00000006cc880000, 0x000000076cb80000)
  object space 104960K, 7% used [0x00000006c6200000,0x00000006c69bc9a8,0x00000006cc880000)
 Metaspace       used 32006K, capacity 33006K, committed 33280K, reserved 1079296K
  class space    used 3545K, capacity 3814K, committed 3840K, reserved 1048576K
Event: 120.142 GC heap after
Heap after GC invocations=5 (full 1):
 PSYoungGen      total 68608K, used 4030K [0x000000076cb80000, 0x0000000773300000, 0x00000007c0000000)
  eden space 64512K, 0% used [0x000000076cb80000,0x000000076cb80000,0x0000000770a80000)
  from space 4096K, 98% used [0x0000000772f00000,0x00000007732ef938,0x0000000773300000)
  to   space 10240K, 0% used [0x0000000771f00000,0x0000000771f00000,0x0000000772900000)
 ParOldGen       total 104960K, used 7930K [0x00000006c6200000, 0x00000006cc880000, 0x000000076cb80000)
  object space 104960K, 7% used [0x00000006c6200000,0x00000006c69be9a8,0x00000006cc880000)
 Metaspace       used 32006K, capacity 33006K, committed 33280K, reserved 1079296K
  class space    used 3545K, capacity 3814K, committed 3840K, reserved 1048576K
}
Event: 304.009 GC heap before
{Heap before GC invocations=6 (full 1):
 PSYoungGen      total 68608K, used 68542K [0x000000076cb80000, 0x0000000773300000, 0x00000007c0000000)
  eden space 64512K, 100% used [0x000000076cb80000,0x0000000770a80000,0x0000000770a80000)
  from space 4096K, 98% used [0x0000000772f00000,0x00000007732ef938,0x0000000773300000)
  to   space 10240K, 0% used [0x0000000771f00000,0x0000000771f00000,0x0000000772900000)
 ParOldGen       total 104960K, used 7930K [0x00000006c6200000, 0x00000006cc880000, 0x000000076cb80000)
  object space 104960K, 7% used [0x00000006c6200000,0x00000006c69be9a8,0x00000006cc880000)
 Metaspace       used 32402K, capacity 33462K, committed 33536K, reserved 1079296K
  class space    used 3545K, capacity 3814K, committed 3840K, reserved 1048576K
Event: 304.012 GC heap after
Heap after GC invocations=6 (full 1):
 PSYoungGen      total 66048K, used 2404K [0x000000076cb80000, 0x0000000772f80000, 0x00000007c0000000)
  eden space 63488K, 0% used [0x000000076cb80000,0x000000076cb80000,0x0000000770980000)
  from space 2560K, 93% used [0x0000000771f00000,0x0000000772159040,0x0000000772180000)
  to   space 14336K, 0% used [0x0000000772180000,0x0000000772180000,0x0000000772f80000)
 ParOldGen       total 104960K, used 7946K [0x00000006c6200000, 0x00000006cc880000, 0x000000076cb80000)
  object space 104960K, 7% used [0x00000006c6200000,0x00000006c69c29b8,0x00000006cc880000)
 Metaspace       used 32402K, capacity 33462K, committed 33536K, reserved 1079296K
  class space    used 3545K, capacity 3814K, committed 3840K, reserved 1048576K
}
Event: 527.496 GC heap before
{Heap before GC invocations=7 (full 1):
 PSYoungGen      total 66048K, used 65892K [0x000000076cb80000, 0x0000000772f80000, 0x00000007c0000000)
  eden space 63488K, 100% used [0x000000076cb80000,0x0000000770980000,0x0000000770980000)
  from space 2560K, 93% used [0x0000000771f00000,0x0000000772159040,0x0000000772180000)
  to   space 14336K, 0% used [0x0000000772180000,0x0000000772180000,0x0000000772f80000)
 ParOldGen       total 104960K, used 7946K [0x00000006c6200000, 0x00000006cc880000, 0x000000076cb80000)
  object space 104960K, 7% used [0x00000006c6200000,0x00000006c69c29b8,0x00000006cc880000)
 Metaspace       used 32675K, capacity 33702K, committed 33920K, reserved 1079296K
  class space    used 3545K, capacity 3846K, committed 3968K, reserved 1048576K
Event: 527.502 GC heap after
Heap after GC invocations=7 (full 1):
 PSYoungGen      total 65536K, used 2468K [0x000000076cb80000, 0x0000000772480000, 0x00000007c0000000)
  eden space 62464K, 0% used [0x000000076cb80000,0x000000076cb80000,0x0000000770880000)
  from space 3072K, 80% used [0x0000000772180000,0x00000007723e9040,0x0000000772480000)
  to   space 14336K, 0% used [0x0000000770880000,0x0000000770880000,0x0000000771680000)
 ParOldGen       total 104960K, used 7954K [0x00000006c6200000, 0x00000006cc880000, 0x000000076cb80000)
  object space 104960K, 7% used [0x00000006c6200000,0x00000006c69c49b8,0x00000006cc880000)
 Metaspace       used 32675K, capacity 33702K, committed 33920K, reserved 1079296K
  class space    used 3545K, capacity 3846K, committed 3968K, reserved 1048576K
}
Event: 774.035 GC heap before
{Heap before GC invocations=8 (full 1):
 PSYoungGen      total 65536K, used 64932K [0x000000076cb80000, 0x0000000772480000, 0x00000007c0000000)
  eden space 62464K, 100% used [0x000000076cb80000,0x0000000770880000,0x0000000770880000)
  from space 3072K, 80% used [0x0000000772180000,0x00000007723e9040,0x0000000772480000)
  to   space 14336K, 0% used [0x0000000770880000,0x0000000770880000,0x0000000771680000)
 ParOldGen       total 104960K, used 7954K [0x00000006c6200000, 0x00000006cc880000, 0x000000076cb80000)
  object space 104960K, 7% used [0x00000006c6200000,0x00000006c69c49b8,0x00000006cc880000)
 Metaspace       used 32814K, capacity 33844K, committed 34176K, reserved 1079296K
  class space    used 3550K, capacity 3849K, committed 3968K, reserved 1048576K
Event: 774.040 GC heap after
Heap after GC invocations=8 (full 1):
 PSYoungGen      total 64000K, used 2548K [0x000000076cb80000, 0x0000000772280000, 0x00000007c0000000)
  eden space 61440K, 0% used [0x000000076cb80000,0x000000076cb80000,0x0000000770780000)
  from space 2560K, 99% used [0x0000000770880000,0x0000000770afd030,0x0000000770b00000)
  to   space 13824K, 0% used [0x0000000771500000,0x0000000771500000,0x0000000772280000)
 ParOldGen       total 104960K, used 7962K [0x00000006c6200000, 0x00000006cc880000, 0x000000076cb80000)
  object space 104960K, 7% used [0x00000006c6200000,0x00000006c69c69b8,0x00000006cc880000)
 Metaspace       used 32814K, capacity 33844K, committed 34176K, reserved 1079296K
  class space    used 3550K, capacity 3849K, committed 3968K, reserved 1048576K
}

Deoptimization events (10 events):
Event: 603.061 Thread 0x0000024941645800 Uncommon trap: reason=class_check action=maybe_recompile pc=0x00000249434992bc method=java.util.stream.Sink$ChainedReference.<init>(Ljava/util/stream/Sink;)V @ 9
Event: 603.061 Thread 0x0000024941645800 Uncommon trap: reason=class_check action=maybe_recompile pc=0x00000249432ba1b8 method=java.util.stream.ReferencePipeline$2$1.begin(J)V @ 7
Event: 843.170 Thread 0x0000024941645800 Uncommon trap: reason=unstable_if action=reinterpret pc=0x0000024943189d38 method=sun.nio.ch.WindowsSelectorImpl$SubSelector.processFDSet(J[IIZ)I @ 143
Event: 843.171 Thread 0x0000024941645800 Uncommon trap: reason=class_check action=maybe_recompile pc=0x0000024943b51dc4 method=java.util.stream.AbstractPipeline.wrapAndCopyInto(Ljava/util/stream/Sink;Ljava/util/Spliterator;)Ljava/util/stream/Sink; @ 6
Event: 843.171 Thread 0x0000024941645800 Uncommon trap: reason=class_check action=maybe_recompile pc=0x0000024943b51dc4 method=java.util.stream.AbstractPipeline.wrapAndCopyInto(Ljava/util/stream/Sink;Ljava/util/Spliterator;)Ljava/util/stream/Sink; @ 6
Event: 843.171 Thread 0x0000024941645800 Uncommon trap: reason=class_check action=maybe_recompile pc=0x0000024943b51dc4 method=java.util.stream.AbstractPipeline.wrapAndCopyInto(Ljava/util/stream/Sink;Ljava/util/Spliterator;)Ljava/util/stream/Sink; @ 6
Event: 843.171 Thread 0x0000024941645800 Uncommon trap: reason=class_check action=maybe_recompile pc=0x0000024943b51dc4 method=java.util.stream.AbstractPipeline.wrapAndCopyInto(Ljava/util/stream/Sink;Ljava/util/Spliterator;)Ljava/util/stream/Sink; @ 6
Event: 843.171 Thread 0x0000024941645800 Uncommon trap: reason=bimorphic action=maybe_recompile pc=0x0000024943a19db0 method=java.util.stream.ReferencePipeline.forEachWithCancel(Ljava/util/Spliterator;Ljava/util/stream/Sink;)V @ 11
Event: 843.171 Thread 0x0000024941645800 Uncommon trap: reason=bimorphic action=maybe_recompile pc=0x000002494369a9c8 method=java.util.Objects.equals(Ljava/lang/Object;Ljava/lang/Object;)Z @ 11
Event: 867.901 Thread 0x0000024941645800 Uncommon trap: reason=unstable_if action=reinterpret pc=0x000002494381fb88 method=java.util.concurrent.ConcurrentHashMap$Traverser.advance()Ljava/util/concurrent/ConcurrentHashMap$Node; @ 84

Classes redefined (0 events):
No events

Internal exceptions (10 events):
Event: 0.942 Thread 0x0000024941645800 Exception <a 'java/lang/NoSuchFieldError': method resolution failed> (0x000000076ed59a28) thrown at [C:\wsjdk\Corretto8Src\installers\windows\zip\corretto-build\buildRoot\hotspot\src\share\vm\prims\methodHandles.cpp, line 1194]
Event: 2.118 Thread 0x0000024941645800 Exception <a 'java/lang/IncompatibleClassChangeError': Found class java.lang.Object, but interface was expected> (0x000000076cdea698) thrown at [C:\wsjdk\Corretto8Src\installers\windows\zip\corretto-build\buildRoot\hotspot\src\share\vm\interpreter\linkRes
Event: 2.173 Thread 0x0000024941645800 Implicit null exception at 0x000002494314a7d5 to 0x000002494314a9bd
Event: 2.886 Thread 0x0000024941645800 Exception <a 'java/lang/NoSuchMethodError': java.lang.Object.lambda$identity$2(Ljava/lang/Object;)Ljava/lang/Object;> (0x000000076f267988) thrown at [C:\wsjdk\Corretto8Src\installers\windows\zip\corretto-build\buildRoot\hotspot\src\share\vm\interpreter\li
Event: 3.043 Thread 0x0000024941645800 Exception <a 'java/lang/NoSuchMethodError': java.lang.Object.lambda$minBy$0(Ljava/util/Comparator;Ljava/lang/Object;Ljava/lang/Object;)Ljava/lang/Object;> (0x000000076feb5548) thrown at [C:\wsjdk\Corretto8Src\installers\windows\zip\corretto-build\buildRoo
Event: 3.059 Thread 0x0000024941645800 Implicit null exception at 0x0000024943275b14 to 0x0000024943275ed1
Event: 3.072 Thread 0x0000024941645800 Exception <a 'java/lang/NoSuchMethodError': java.lang.Object.lambda$comparing$77a9974f$1(Ljava/util/function/Function;Ljava/lang/Object;Ljava/lang/Object;)I> (0x000000077001d0d8) thrown at [C:\wsjdk\Corretto8Src\installers\windows\zip\corretto-build\build
Event: 3.073 Thread 0x0000024941645800 Exception <a 'java/lang/NoSuchMethodError': java.lang.Object.lambda$thenComparing$36697e65$1(Ljava/util/Comparator;Ljava/lang/Object;Ljava/lang/Object;)I> (0x00000007700291b0) thrown at [C:\wsjdk\Corretto8Src\installers\windows\zip\corretto-build\buildRoo
Event: 7.742 Thread 0x0000024941645800 Exception <a 'java/lang/NoSuchMethodError': java.lang.Object.lambda$comparingInt$7b0bb60$1(Ljava/util/function/ToIntFunction;Ljava/lang/Object;Ljava/lang/Object;)I> (0x0000000770146df8) thrown at [C:\wsjdk\Corretto8Src\installers\windows\zip\corretto-buil
Event: 7.775 Thread 0x0000024941645800 Implicit null exception at 0x0000024943233194 to 0x0000024943233565

Events (10 events):
Event: 957.055 Thread 0x000002495e08b000 flushing nmethod 0x0000024943575e10
Event: 958.019 Thread 0x000002495e9bc000 Thread added: 0x000002495e9bc000
Event: 958.026 Executing VM operation: RevokeBias
Event: 958.027 Executing VM operation: RevokeBias done
Event: 958.027 Thread 0x000002495e9bc000 Thread exited: 0x000002495e9bc000
Event: 961.010 Thread 0x000002495e9bf000 Thread added: 0x000002495e9bf000
Event: 961.018 Executing VM operation: RevokeBias
Event: 961.018 Executing VM operation: RevokeBias done
Event: 961.018 Thread 0x000002495e9bf000 Thread exited: 0x000002495e9bf000
Event: 962.015 Thread 0x000002495e9bc800 Thread added: 0x000002495e9bc800


Dynamic libraries:
0x00007ff768550000 - 0x00007ff76858a000 	C:\Users\pc\.jdks\corretto-1.8.0_362\bin\java.exe
0x00007ffab9430000 - 0x00007ffab9628000 	C:\Windows\SYSTEM32\ntdll.dll
0x00007ffab8950000 - 0x00007ffab8a12000 	C:\Windows\System32\KERNEL32.DLL
0x00007ffab6ad0000 - 0x00007ffab6dce000 	C:\Windows\System32\KERNELBASE.dll
0x00007ffab8590000 - 0x00007ffab8641000 	C:\Windows\System32\ADVAPI32.dll
0x00007ffab81e0000 - 0x00007ffab827e000 	C:\Windows\System32\msvcrt.dll
0x00007ffab8110000 - 0x00007ffab81af000 	C:\Windows\System32\sechost.dll
0x00007ffab9190000 - 0x00007ffab92b3000 	C:\Windows\System32\RPCRT4.dll
0x00007ffab6dd0000 - 0x00007ffab6df7000 	C:\Windows\System32\bcrypt.dll
0x00007ffab8390000 - 0x00007ffab852d000 	C:\Windows\System32\USER32.dll
0x00007ffab71a0000 - 0x00007ffab71c2000 	C:\Windows\System32\win32u.dll
0x00007ffab8070000 - 0x00007ffab809b000 	C:\Windows\System32\GDI32.dll
0x00007ffab7080000 - 0x00007ffab7197000 	C:\Windows\System32\gdi32full.dll
0x00007ffab6ee0000 - 0x00007ffab6f7d000 	C:\Windows\System32\msvcp_win.dll
0x00007ffab6f80000 - 0x00007ffab7080000 	C:\Windows\System32\ucrtbase.dll
0x00007ffa98d70000 - 0x00007ffa9900a000 	C:\Windows\WinSxS\amd64_microsoft.windows.common-controls_6595b64144ccf1df_6.0.19041.4355_none_60b8b9eb71f62e16\COMCTL32.dll
0x00007ffab8040000 - 0x00007ffab806f000 	C:\Windows\System32\IMM32.DLL
0x00007ffa712b0000 - 0x00007ffa7139f000 	C:\Users\pc\.jdks\corretto-1.8.0_362\jre\bin\msvcr120.dll
0x00007ffa8ba00000 - 0x00007ffa8baa6000 	C:\Users\pc\.jdks\corretto-1.8.0_362\jre\bin\msvcp120.dll
0x0000000061950000 - 0x00000000621c5000 	C:\Users\pc\.jdks\corretto-1.8.0_362\jre\bin\server\jvm.dll
0x00007ffab7bf0000 - 0x00007ffab7bf8000 	C:\Windows\System32\PSAPI.DLL
0x00007ffaaf810000 - 0x00007ffaaf81a000 	C:\Windows\SYSTEM32\VERSION.dll
0x00007ffaa0ba0000 - 0x00007ffaa0bc7000 	C:\Windows\SYSTEM32\WINMM.dll
0x00007ffaae080000 - 0x00007ffaae089000 	C:\Windows\SYSTEM32\WSOCK32.dll
0x00007ffab80a0000 - 0x00007ffab810b000 	C:\Windows\System32\WS2_32.dll
0x00007ffaae090000 - 0x00007ffaae09f000 	C:\Users\pc\.jdks\corretto-1.8.0_362\jre\bin\verify.dll
0x00007ffaa5780000 - 0x00007ffaa57a9000 	C:\Users\pc\.jdks\corretto-1.8.0_362\jre\bin\java.dll
0x00007ffaab6f0000 - 0x00007ffaab71a000 	C:\Users\pc\.jdks\corretto-1.8.0_362\jre\bin\instrument.dll
0x00007ffaad060000 - 0x00007ffaad076000 	C:\Users\pc\.jdks\corretto-1.8.0_362\jre\bin\zip.dll
0x00007ffab8a20000 - 0x00007ffab918d000 	C:\Windows\System32\SHELL32.dll
0x00007ffab4b10000 - 0x00007ffab52b4000 	C:\Windows\SYSTEM32\windows.storage.dll
0x00007ffab7c00000 - 0x00007ffab7f53000 	C:\Windows\System32\combase.dll
0x00007ffab6350000 - 0x00007ffab637e000 	C:\Windows\SYSTEM32\Wldp.dll
0x00007ffab8880000 - 0x00007ffab894d000 	C:\Windows\System32\OLEAUT32.dll
0x00007ffab82e0000 - 0x00007ffab838d000 	C:\Windows\System32\SHCORE.dll
0x00007ffab8530000 - 0x00007ffab8585000 	C:\Windows\System32\shlwapi.dll
0x00007ffab6a00000 - 0x00007ffab6a24000 	C:\Windows\SYSTEM32\profapi.dll
0x00007ffaab510000 - 0x00007ffaab52a000 	C:\Program Files\JetBrains\IntelliJ IDEA 2023.3.4\bin\breakgen64.dll
0x00007ffaa7100000 - 0x00007ffaa711a000 	C:\Users\pc\.jdks\corretto-1.8.0_362\jre\bin\net.dll
0x00007ffab6130000 - 0x00007ffab619a000 	C:\Windows\system32\mswsock.dll
0x00007ffaab4e0000 - 0x00007ffaab503000 	C:\Users\pc\.jdks\corretto-1.8.0_362\jre\bin\sunec.dll
0x00007ffaa6e80000 - 0x00007ffaa6e8c000 	C:\Users\pc\.jdks\corretto-1.8.0_362\jre\bin\sunmscapi.dll
0x00007ffab7280000 - 0x00007ffab73dc000 	C:\Windows\System32\CRYPT32.dll
0x00007ffab6570000 - 0x00007ffab6597000 	C:\Windows\SYSTEM32\ncrypt.dll
0x00007ffab6530000 - 0x00007ffab656b000 	C:\Windows\SYSTEM32\NTASN1.dll
0x00007ffab6390000 - 0x00007ffab63a8000 	C:\Windows\SYSTEM32\CRYPTSP.dll
0x00007ffab5a70000 - 0x00007ffab5aa4000 	C:\Windows\system32\rsaenh.dll
0x00007ffab6980000 - 0x00007ffab69ae000 	C:\Windows\SYSTEM32\USERENV.dll
0x00007ffab6e00000 - 0x00007ffab6e82000 	C:\Windows\System32\bcryptprimitives.dll
0x00007ffab62c0000 - 0x00007ffab62cc000 	C:\Windows\SYSTEM32\CRYPTBASE.dll
0x00007ffab5e30000 - 0x00007ffab5e6b000 	C:\Windows\SYSTEM32\IPHLPAPI.DLL
0x00007ffab75d0000 - 0x00007ffab75d8000 	C:\Windows\System32\NSI.dll
0x00007ffaae2c0000 - 0x00007ffaae2d7000 	C:\Windows\SYSTEM32\dhcpcsvc6.DLL
0x00007ffaae2a0000 - 0x00007ffaae2bd000 	C:\Windows\SYSTEM32\dhcpcsvc.DLL
0x00007ffab5e70000 - 0x00007ffab5f3a000 	C:\Windows\SYSTEM32\DNSAPI.dll
0x00007ffa9d9f0000 - 0x00007ffa9da02000 	C:\Users\pc\.jdks\corretto-1.8.0_362\jre\bin\nio.dll
0x00007ffaab6e0000 - 0x00007ffaab6ed000 	C:\Users\pc\.jdks\corretto-1.8.0_362\jre\bin\management.dll
0x00007ffaace20000 - 0x00007ffaace2a000 	C:\Windows\System32\rasadhlp.dll
0x00007ffaac660000 - 0x00007ffaac6e0000 	C:\Windows\System32\fwpuclnt.dll

VM Arguments:
jvm_args: -javaagent:C:\Program Files\JetBrains\IntelliJ IDEA 2023.3.4\lib\idea_rt.jar=65100:C:\Program Files\JetBrains\IntelliJ IDEA 2023.3.4\bin -Dfile.encoding=UTF-8 
java_command: ma.enset.FraudAlertConsumer
java_class_path (initial): C:\Users\pc\.jdks\corretto-1.8.0_362\jre\lib\charsets.jar;C:\Users\pc\.jdks\corretto-1.8.0_362\jre\lib\ext\access-bridge-64.jar;C:\Users\pc\.jdks\corretto-1.8.0_362\jre\lib\ext\cldrdata.jar;C:\Users\pc\.jdks\corretto-1.8.0_362\jre\lib\ext\dnsns.jar;C:\Users\pc\.jdks\corretto-1.8.0_362\jre\lib\ext\jaccess.jar;C:\Users\pc\.jdks\corretto-1.8.0_362\jre\lib\ext\jfxrt.jar;C:\Users\pc\.jdks\corretto-1.8.0_362\jre\lib\ext\localedata.jar;C:\Users\pc\.jdks\corretto-1.8.0_362\jre\lib\ext\nashorn.jar;C:\Users\pc\.jdks\corretto-1.8.0_362\jre\lib\ext\sunec.jar;C:\Users\pc\.jdks\corretto-1.8.0_362\jre\lib\ext\sunjce_provider.jar;C:\Users\pc\.jdks\corretto-1.8.0_362\jre\lib\ext\sunmscapi.jar;C:\Users\pc\.jdks\corretto-1.8.0_362\jre\lib\ext\sunpkcs11.jar;C:\Users\pc\.jdks\corretto-1.8.0_362\jre\lib\ext\zipfs.jar;C:\Users\pc\.jdks\corretto-1.8.0_362\jre\lib\jce.jar;C:\Users\pc\.jdks\corretto-1.8.0_362\jre\lib\jfr.jar;C:\Users\pc\.jdks\corretto-1.8.0_362\jre\lib\jfxswt.jar;C:\Users\pc\.jdks\corretto-1.8.0_362\jre\lib\jsse.jar;C:\Users\pc\.jdks\corretto-1.8.0_362\jre\lib\management-agent.jar;C:\Users\pc\.jdks\corretto-1.8.0_362\jre\lib\resources.jar;C:\Users\pc\.jdks\corretto-1.8.0_362\jre\lib\rt.jar;C:\Users\pc\IdeaProjects\fraud-detection-kafka-streams\target\classes;C:\Users\pc\.m2\repository\org\apache\kafka\kafka-streams\3.6.0\kafka-streams-3.6.0.jar;C:\Users\pc\.m2\repository\org\rocksdb\rocksdbjni\7.9.2\rocksdbjni-7.9.2.jar;C:\Users\pc\.m2\repository\com\fasterxml\jackson\core\jackson-annotations\2.13.5\jackson-annotations-2.13.5.jar;C:\Users\pc\.m2\repository\org\apache\kafka\kafka-clients\3.7.1\kafka-clients-3.7.1.jar;C:\Users\pc\.m2\repository\com\github\luben\zstd-jni\1.5.6-3\zstd-jni-1.5.6-3.jar;C:\Users\pc\.m2\repository\org\lz4\lz4-java\1.8.0\lz4-java-1.8.0.jar;C:\Users\pc\.m2\repository\org\xerial\snappy\snappy-java\1.1.10.5\snappy-java-1.1.10.5.jar;C:\Users\pc\.m2\repository\com\fasterxml\jackson\core\jackson-databind\2.15.2\jackson-databind
Launcher Type: SUN_STANDARD

Environment Variables:
PATH=C:\Program Files\Java\jdk-17;C:\Program Files\Common Files\Oracle\Java\javapath;C:\Windows\system32;C:\Windows;C:\Windows\System32\Wbem;C:\Windows\System32\WindowsPowerShell\v1.0\;C:\Windows\System32\OpenSSH\;C:\ffmpeg\bin;C:\Program Files (x86)\Microsoft SQL Server\160\Tools\Binn\;C:\Program Files\Microsoft SQL Server\160\Tools\Binn\;C:\Program Files\Microsoft SQL Server\Client SDK\ODBC\170\Tools\Binn\;C:\Program Files\Microsoft SQL Server\160\DTS\Binn\;C:\Program Files (x86)\Microsoft SQL Server\160\DTS\Binn\;C:\Program Files\Azure Data Studio\bin;C:\ProgramData\chocolatey\bin;C:\Program Files\Redis\;C:\Users\pc\AppData\Roaming\nvm;C:\Program Files\nodejs;C:\Program Files\MiKTeX\miktex\bin\x64\;C:\Program Files\Git\cmd;C:\Program Files\nodejs\;C:\Program Files\dotnet\;C:\Program Files\MongoDB\Server\8.0\bin;C:\Program Files\mongosh\mongosh-2.3.1-win32-x64\bin;C:\Program Files\Docker\Docker\resources\bin;C:\Program Files\Git\bin;C:\Program Files\Git\cmd;C:\Users\pc\AppData\Roaming\npm;dir C:\Users\pc\AppData\Roaming\npm\node_modules\@angular\cli\bin;C:\Users\pc\Downloads\openlogic-openjdk-8u422-b05-windows-x64\openlogic-openjdk-8u422-b05-windows-x64\bin;C:\Users\pc\Downloads\openlogic-openjdk-8u422-b05-windows-x64\openlogic-openjdk-8u422-b05-windows-x64\lib;C:\src\flutter\bin;C:\Users\pc\AppData\Local\Programs\Microsoft VS Code\bin;C:\Users\pc\AppData\Roaming\npm;C:\Program Files\nodejs;C:\Program Files\Git\bin;
USERNAME=pc
OS=Windows_NT
PROCESSOR_IDENTIFIER=Intel64 Family 6 Model 142 Stepping 12, GenuineIntel



---------------  S Y S T E M  ---------------

OS: Windows 10 , 64 bit Build 19041 (10.0.19041.5198)

CPU:total 8 (initial active 8) (4 cores per cpu, 2 threads per core) family 6 model 142 stepping 12, cmov, cx8, fxsr, mmx, sse, sse2, sse3, ssse3, sse4.1, sse4.2, popcnt, avx, avx2, aes, clmul, erms, 3dnowpref, lzcnt, ht, tsc, tscinvbit, bmi1, bmi2, adx

Memory: 4k page, physical 16368112k(2392160k free), swap 27138760k(3860k free)

vm_info: OpenJDK 64-Bit Server VM (25.362-b08) for windows-amd64 JRE (1.8.0_362-b08), built on Jan 13 2023 13:30:12 by "Administrator" with MS VC++ 12.0 (VS2013)

time: Sat Jan 11 22:53:55 2025
timezone: Morocco Daylight Time
elapsed time: 962.031567 seconds (0d 0h 16m 2s)

