JvmtiExport can_access_local_variables 0
JvmtiExport can_hotswap_or_post_breakpoint 0
JvmtiExport can_post_on_exceptions 0
# 324 ciObject found
instanceKlass kotlin/jvm/internal/DefaultConstructorMarker
instanceKlass sun/nio/cs/UTF_8$1
instanceKlass org/apache/kafka/clients/NetworkClient$DefaultMetadataUpdater$$Lambda$359
instanceKlass java/lang/invoke/LambdaForm$DMH
instanceKlass java/util/ArrayDeque$DescendingIterator
instanceKlass org/apache/kafka/clients/InFlightRequests$$Lambda$358
instanceKlass org/apache/kafka/clients/NetworkClient$1
instanceKlass java/util/ArrayDeque$1
instanceKlass org/apache/kafka/clients/consumer/internals/AbstractCoordinator$HeartbeatThread$1
instanceKlass io/reactivex/rxjava3/internal/util/NotificationLite$ErrorNotification
instanceKlass okio/ForwardingSource
instanceKlass okhttp3/internal/http1/Http1ExchangeCodec$AbstractSource
instanceKlass okhttp3/internal/http/HttpHeaders
instanceKlass okhttp3/Response$Builder
instanceKlass okio/_JvmPlatformKt
instanceKlass okio/internal/_BufferKt
instanceKlass okhttp3/internal/http/StatusLine$Companion
instanceKlass okhttp3/internal/http/StatusLine
instanceKlass okio/ForwardingSink
instanceKlass okhttp3/internal/http1/Http1ExchangeCodec$KnownLengthSink
instanceKlass okhttp3/internal/http/RequestLine
instanceKlass okhttp3/internal/connection/Exchange
instanceKlass okhttp3/internal/http1/HeadersReader$Companion
instanceKlass okhttp3/internal/http1/HeadersReader
instanceKlass okhttp3/internal/http1/Http1ExchangeCodec$Companion
instanceKlass okhttp3/internal/http1/Http1ExchangeCodec
instanceKlass okhttp3/internal/http/ExchangeCodec
instanceKlass okio/RealBufferedSink
instanceKlass okio/AsyncTimeout$sink$1
instanceKlass java/net/Socket$3
instanceKlass okio/OutputStreamSink
instanceKlass okio/RealBufferedSource
instanceKlass okio/Okio__OkioKt
instanceKlass okio/AsyncTimeout$source$1
instanceKlass okio/InputStreamSource
instanceKlass okio/Okio__JvmOkioKt
instanceKlass okio/Okio
instanceKlass okhttp3/internal/connection/RealConnection$WhenMappings
instanceKlass okhttp3/internal/connection/ConnectionSpecSelector
instanceKlass okhttp3/internal/connection/RealConnection$Companion
instanceKlass okhttp3/internal/http2/Http2Connection$Listener$Companion
instanceKlass okhttp3/internal/http2/Http2Connection$Listener
instanceKlass okhttp3/Connection
instanceKlass okhttp3/internal/connection/RouteSelector$Selection
instanceKlass okhttp3/Route
instanceKlass okhttp3/internal/connection/RouteSelector$Companion
instanceKlass okhttp3/internal/connection/RouteSelector
instanceKlass okhttp3/CacheControl$Builder
instanceKlass okhttp3/CacheControl$Companion
instanceKlass okhttp3/CacheControl
instanceKlass okhttp3/internal/cache/CacheStrategy$Companion
instanceKlass okhttp3/internal/cache/CacheStrategy
instanceKlass okhttp3/internal/cache/CacheStrategy$Factory
instanceKlass okhttp3/Address
instanceKlass okhttp3/internal/connection/ExchangeFinder
instanceKlass kotlin/Unit
instanceKlass kotlin/collections/EmptyList
instanceKlass com/influxdb/client/internal/AuthenticateInterceptor$$Lambda$357
instanceKlass kotlin/collections/MapsKt__MapWithDefaultKt
instanceKlass okhttp3/internal/http/RealInterceptorChain
instanceKlass okhttp3/Interceptor$Chain
instanceKlass okhttp3/internal/http/CallServerInterceptor
instanceKlass okhttp3/internal/connection/ConnectInterceptor
instanceKlass okhttp3/internal/cache/CacheInterceptor$Companion
instanceKlass okhttp3/internal/cache/CacheInterceptor
instanceKlass okhttp3/internal/http/BridgeInterceptor
instanceKlass okhttp3/internal/http/RetryAndFollowUpInterceptor$Companion
instanceKlass okhttp3/internal/http/RetryAndFollowUpInterceptor
instanceKlass okio/AsyncTimeout$Companion
instanceKlass okio/Timeout$Companion
instanceKlass okio/Timeout
instanceKlass okhttp3/internal/connection/RealCall
instanceKlass okhttp3/Request
instanceKlass retrofit2/Invocation
instanceKlass okhttp3/internal/http/HttpMethod
instanceKlass kotlin/ranges/IntRange$Companion
instanceKlass kotlin/ranges/IntProgression$Companion
instanceKlass kotlin/ranges/IntProgression
instanceKlass kotlin/ranges/ClosedRange
